
1578994455956	mozrunner::runner	INFO	Running command: "/usr/bin/firefox" "-marionette" "-foreground" "-no-remote" "-profile" "/tmp/rust_mozprofiled7zo4W"
Error: no DISPLAY environment variable specified
1578994474279	mozrunner::runner	INFO	Running command: "/usr/bin/firefox" "-marionette" "-headless" "-foreground" "-no-remote" "-profile" "/tmp/rust_mozprofileLJ11M9"
*** You are running in headless mode.
1578994476991	addons.webextension.doh-rollout@mozilla.org	WARN	Loading extension 'doh-rollout@mozilla.org': Reading manifest: Invalid extension permission: networkStatus
1578994477274	addons.webextension.screenshots@mozilla.org	WARN	Loading extension 'screenshots@mozilla.org': Reading manifest: Invalid extension permission: mozillaAddons
1578994477274	addons.webextension.screenshots@mozilla.org	WARN	Loading extension 'screenshots@mozilla.org': Reading manifest: Invalid extension permission: telemetry
1578994477274	addons.webextension.screenshots@mozilla.org	WARN	Loading extension 'screenshots@mozilla.org': Reading manifest: Invalid extension permission: resource://pdf.js/
1578994477274	addons.webextension.screenshots@mozilla.org	WARN	Loading extension 'screenshots@mozilla.org': Reading manifest: Invalid extension permission: about:reader*
[2020-01-14T09:34:43Z ERROR audio_thread_priority::rt_linux] setrlimit64: 1
1578994483838	Marionette	INFO	Listening on port 38629
1578994483912	Marionette	WARN	TLS certificate errors will be ignored for this session
1578994609619	Marionette	INFO	Stopped listening on port 38629
1578994721443	mozrunner::runner	INFO	Running command: "/usr/bin/firefox" "-marionette" "-headless" "-foreground" "-no-remote" "-profile" "/tmp/rust_mozprofileldTZjZ"
*** You are running in headless mode.
1578994722428	addons.webextension.doh-rollout@mozilla.org	WARN	Loading extension 'doh-rollout@mozilla.org': Reading manifest: Invalid extension permission: networkStatus
1578994722594	addons.webextension.screenshots@mozilla.org	WARN	Loading extension 'screenshots@mozilla.org': Reading manifest: Invalid extension permission: mozillaAddons
1578994722596	addons.webextension.screenshots@mozilla.org	WARN	Loading extension 'screenshots@mozilla.org': Reading manifest: Invalid extension permission: telemetry
1578994722596	addons.webextension.screenshots@mozilla.org	WARN	Loading extension 'screenshots@mozilla.org': Reading manifest: Invalid extension permission: resource://pdf.js/
1578994722596	addons.webextension.screenshots@mozilla.org	WARN	Loading extension 'screenshots@mozilla.org': Reading manifest: Invalid extension permission: about:reader*
[2020-01-14T09:38:43Z ERROR audio_thread_priority::rt_linux] setrlimit64: 1
1578994724684	Marionette	INFO	Listening on port 35743
1578994724756	Marionette	WARN	TLS certificate errors will be ignored for this session
1578994960521	mozrunner::runner	INFO	Running command: "/usr/bin/firefox" "-marionette" "-headless" "-foreground" "-no-remote" "-profile" "/tmp/rust_mozprofilel2DTM7"
*** You are running in headless mode.
1578994964001	addons.webextension.doh-rollout@mozilla.org	WARN	Loading extension 'doh-rollout@mozilla.org': Reading manifest: Invalid extension permission: networkStatus
1578994964119	addons.webextension.screenshots@mozilla.org	WARN	Loading extension 'screenshots@mozilla.org': Reading manifest: Invalid extension permission: mozillaAddons
1578994964119	addons.webextension.screenshots@mozilla.org	WARN	Loading extension 'screenshots@mozilla.org': Reading manifest: Invalid extension permission: telemetry
1578994964120	addons.webextension.screenshots@mozilla.org	WARN	Loading extension 'screenshots@mozilla.org': Reading manifest: Invalid extension permission: resource://pdf.js/
1578994964120	addons.webextension.screenshots@mozilla.org	WARN	Loading extension 'screenshots@mozilla.org': Reading manifest: Invalid extension permission: about:reader*
1578994968802	Marionette	INFO	Listening on port 43203
1578994968909	Marionette	WARN	TLS certificate errors will be ignored for this session
1578994971257	mozrunner::runner	INFO	Running command: "/usr/bin/firefox" "-marionette" "-foreground" "-no-remote" "-profile" "/tmp/rust_mozprofilelXtYNq"
1578994972739	addons.webextension.doh-rollout@mozilla.org	WARN	Loading extension 'doh-rollout@mozilla.org': Reading manifest: Invalid extension permission: networkStatus
1578994972995	addons.webextension.screenshots@mozilla.org	WARN	Loading extension 'screenshots@mozilla.org': Reading manifest: Invalid extension permission: mozillaAddons
1578994972995	addons.webextension.screenshots@mozilla.org	WARN	Loading extension 'screenshots@mozilla.org': Reading manifest: Invalid extension permission: telemetry
1578994972998	addons.webextension.screenshots@mozilla.org	WARN	Loading extension 'screenshots@mozilla.org': Reading manifest: Invalid extension permission: resource://pdf.js/
1578994972998	addons.webextension.screenshots@mozilla.org	WARN	Loading extension 'screenshots@mozilla.org': Reading manifest: Invalid extension permission: about:reader*
1578994975630	Marionette	INFO	Listening on port 34439
1578994975677	Marionette	WARN	TLS certificate errors will be ignored for this session
JavaScript error: resource:///actors/OfflineAppsChild.jsm, line 26: TypeError: manifestURI is null
JavaScript warning: https://web.whatsapp.com/app.23ffa35bc714b063c767.js, line 2: unreachable code after return statement
JavaScript warning: https://web.whatsapp.com/app.23ffa35bc714b063c767.js, line 2: unreachable code after return statement
JavaScript warning: https://web.whatsapp.com/app.23ffa35bc714b063c767.js, line 2: unreachable code after return statement
console.error: "Error while calling actor 'pagestyle's method 'getLayout'" "node is null"
console.error: "getLayout@resource://devtools/server/actors/styles.js:944:5\nhandler@resource://devtools/shared/protocol/Actor.js:154:37\nonPacket@resource://devtools/server/debugger-server-connection.js:378:58\nreceiveMessage@resource://devtools/shared/transport/child-transport.js:66:16\n"
console.error: "Protocol error (unknownError): node is null"
JavaScript error: resource://devtools/server/actors/network-monitor/network-response-listener.js, line 84: NS_ERROR_FAILURE: Component returned failure code: 0x80004005 (NS_ERROR_FAILURE) [nsIInterfaceRequestor.getInterface]
JavaScript error: resource:///actors/OfflineAppsChild.jsm, line 26: TypeError: manifestURI is null
JavaScript warning: https://web.whatsapp.com/app.23ffa35bc714b063c767.js, line 2: unreachable code after return statement
JavaScript warning: https://web.whatsapp.com/app.23ffa35bc714b063c767.js, line 2: unreachable code after return statement
JavaScript error: resource://devtools/server/actors/network-monitor/network-response-listener.js, line 84: NS_ERROR_FAILURE: Component returned failure code: 0x80004005 (NS_ERROR_FAILURE) [nsIInterfaceRequestor.getInterface]
JavaScript error: resource:///actors/OfflineAppsChild.jsm, line 26: TypeError: manifestURI is null
JavaScript warning: https://web.whatsapp.com/app.23ffa35bc714b063c767.js, line 2: unreachable code after return statement
JavaScript warning: https://web.whatsapp.com/app.23ffa35bc714b063c767.js, line 2: unreachable code after return statement
JavaScript error: resource://devtools/server/actors/network-monitor/network-response-listener.js, line 84: NS_ERROR_FAILURE: Component returned failure code: 0x80004005 (NS_ERROR_FAILURE) [nsIInterfaceRequestor.getInterface]
JavaScript warning: https://web.whatsapp.com/app.23ffa35bc714b063c767.js, line 2: unreachable code after return statement
JavaScript warning: https://web.whatsapp.com/app.23ffa35bc714b063c767.js, line 2: unreachable code after return statement
JavaScript error: resource:///actors/OfflineAppsChild.jsm, line 26: TypeError: manifestURI is null
JavaScript error: resource://devtools/server/actors/network-monitor/network-response-listener.js, line 84: NS_ERROR_FAILURE: Component returned failure code: 0x80004005 (NS_ERROR_FAILURE) [nsIInterfaceRequestor.getInterface]
JavaScript error: resource:///actors/OfflineAppsChild.jsm, line 26: TypeError: manifestURI is null
JavaScript warning: https://web.whatsapp.com/app.23ffa35bc714b063c767.js, line 2: unreachable code after return statement
JavaScript warning: https://web.whatsapp.com/app.23ffa35bc714b063c767.js, line 2: unreachable code after return statement
JavaScript error: resource://devtools/server/actors/network-monitor/network-response-listener.js, line 84: NS_ERROR_FAILURE: Component returned failure code: 0x80004005 (NS_ERROR_FAILURE) [nsIInterfaceRequestor.getInterface]
JavaScript error: resource:///actors/OfflineAppsChild.jsm, line 26: TypeError: manifestURI is null
JavaScript warning: https://web.whatsapp.com/app.23ffa35bc714b063c767.js, line 2: unreachable code after return statement
JavaScript warning: https://web.whatsapp.com/app.23ffa35bc714b063c767.js, line 2: unreachable code after return statement
JavaScript error: resource://devtools/server/actors/network-monitor/network-response-listener.js, line 84: NS_ERROR_FAILURE: Component returned failure code: 0x80004005 (NS_ERROR_FAILURE) [nsIInterfaceRequestor.getInterface]
JavaScript error: resource:///actors/OfflineAppsChild.jsm, line 26: TypeError: manifestURI is null
JavaScript error: resource://devtools/server/actors/network-monitor/network-response-listener.js, line 84: NS_ERROR_FAILURE: Component returned failure code: 0x80004005 (NS_ERROR_FAILURE) [nsIInterfaceRequestor.getInterface]
JavaScript error: resource:///actors/OfflineAppsChild.jsm, line 26: TypeError: manifestURI is null
JavaScript error: resource://devtools/server/actors/network-monitor/network-response-listener.js, line 84: NS_ERROR_FAILURE: Component returned failure code: 0x80004005 (NS_ERROR_FAILURE) [nsIInterfaceRequestor.getInterface]
JavaScript error: resource://devtools/server/actors/network-monitor/network-response-listener.js, line 84: NS_ERROR_FAILURE: Component returned failure code: 0x80004005 (NS_ERROR_FAILURE) [nsIInterfaceRequestor.getInterface]
1579002864445	Marionette	INFO	Stopped listening on port 34439
Exiting due to channel error.
Exiting due to channel error.
Exiting due to channel error.
1579512330744	mozrunner::runner	INFO	Running command: "/usr/bin/firefox" "-marionette" "-foreground" "-no-remote" "-profile" "/tmp/rust_mozprofileb1ZBzS"
Error: no DISPLAY environment variable specified
1580296096488	mozrunner::runner	INFO	Running command: "/usr/bin/firefox" "-marionette" "-foreground" "-no-remote" "-profile" "/tmp/rust_mozprofileInVQEc"
Error: no DISPLAY environment variable specified
1580296197867	mozrunner::runner	INFO	Running command: "/usr/bin/firefox" "-marionette" "-foreground" "-no-remote" "-profile" "/tmp/rust_mozprofileqbsBIr"
1580296201138	addons.webextension.doh-rollout@mozilla.org	WARN	Loading extension 'doh-rollout@mozilla.org': Reading manifest: Invalid extension permission: networkStatus
1580296202147	addons.webextension.screenshots@mozilla.org	WARN	Loading extension 'screenshots@mozilla.org': Reading manifest: Invalid extension permission: mozillaAddons
1580296202147	addons.webextension.screenshots@mozilla.org	WARN	Loading extension 'screenshots@mozilla.org': Reading manifest: Invalid extension permission: telemetry
1580296202147	addons.webextension.screenshots@mozilla.org	WARN	Loading extension 'screenshots@mozilla.org': Reading manifest: Invalid extension permission: resource://pdf.js/
1580296202147	addons.webextension.screenshots@mozilla.org	WARN	Loading extension 'screenshots@mozilla.org': Reading manifest: Invalid extension permission: about:reader*
1580296219559	Marionette	INFO	Listening on port 45777
1580296219671	Marionette	WARN	TLS certificate errors will be ignored for this session
JavaScript error: resource:///actors/OfflineAppsChild.jsm, line 26: TypeError: manifestURI is null
JavaScript warning: https://web.whatsapp.com/app.b6d6d4d4025591ea4792.js, line 2: unreachable code after return statement
JavaScript warning: https://web.whatsapp.com/app.b6d6d4d4025591ea4792.js, line 2: unreachable code after return statement
JavaScript warning: https://web.whatsapp.com/app.b6d6d4d4025591ea4792.js, line 2: unreachable code after return statement
JavaScript error: resource://devtools/server/actors/network-monitor/network-response-listener.js, line 84: NS_ERROR_FAILURE: Component returned failure code: 0x80004005 (NS_ERROR_FAILURE) [nsIInterfaceRequestor.getInterface]
JavaScript error: resource://devtools/server/actors/network-monitor/network-response-listener.js, line 84: NS_ERROR_FAILURE: Component returned failure code: 0x80004005 (NS_ERROR_FAILURE) [nsIInterfaceRequestor.getInterface]
[Parent 348, MediaDecoderStateMachine #1] WARNING: Decoder=7f98b4215000 Decode error: NS_ERROR_DOM_MEDIA_FATAL_ERR (0x806e0005) - error creating Audio decoder: file /build/firefox-XRoLc6/firefox-72.0.1+build1/dom/media/MediaDecoderStateMachine.cpp, line 3337
JavaScript error: resource://devtools/server/actors/network-monitor/network-response-listener.js, line 84: NS_ERROR_FAILURE: Component returned failure code: 0x80004005 (NS_ERROR_FAILURE) [nsIInterfaceRequestor.getInterface]
Exiting due to channel error.
Exiting due to channel error.
Exiting due to channel error.
1580297136378	mozrunner::runner	INFO	Running command: "/usr/bin/firefox" "-marionette" "-foreground" "-no-remote" "-profile" "/tmp/rust_mozprofileexANJR"
1580297139432	addons.webextension.doh-rollout@mozilla.org	WARN	Loading extension 'doh-rollout@mozilla.org': Reading manifest: Invalid extension permission: networkStatus
1580297140161	addons.webextension.screenshots@mozilla.org	WARN	Loading extension 'screenshots@mozilla.org': Reading manifest: Invalid extension permission: mozillaAddons
1580297140161	addons.webextension.screenshots@mozilla.org	WARN	Loading extension 'screenshots@mozilla.org': Reading manifest: Invalid extension permission: telemetry
1580297140161	addons.webextension.screenshots@mozilla.org	WARN	Loading extension 'screenshots@mozilla.org': Reading manifest: Invalid extension permission: resource://pdf.js/
1580297140161	addons.webextension.screenshots@mozilla.org	WARN	Loading extension 'screenshots@mozilla.org': Reading manifest: Invalid extension permission: about:reader*
1580297146697	Marionette	INFO	Listening on port 42919
1580297146714	Marionette	WARN	TLS certificate errors will be ignored for this session
Exiting due to channel error.
Exiting due to channel error.
Exiting due to channel error.
1580297716671	mozrunner::runner	INFO	Running command: "/usr/bin/firefox" "-marionette" "-foreground" "-no-remote" "-profile" "/tmp/rust_mozprofilexpA1a7"
1580297718309	addons.webextension.doh-rollout@mozilla.org	WARN	Loading extension 'doh-rollout@mozilla.org': Reading manifest: Invalid extension permission: networkStatus
1580297718468	addons.webextension.screenshots@mozilla.org	WARN	Loading extension 'screenshots@mozilla.org': Reading manifest: Invalid extension permission: mozillaAddons
1580297718468	addons.webextension.screenshots@mozilla.org	WARN	Loading extension 'screenshots@mozilla.org': Reading manifest: Invalid extension permission: telemetry
1580297718468	addons.webextension.screenshots@mozilla.org	WARN	Loading extension 'screenshots@mozilla.org': Reading manifest: Invalid extension permission: resource://pdf.js/
1580297718468	addons.webextension.screenshots@mozilla.org	WARN	Loading extension 'screenshots@mozilla.org': Reading manifest: Invalid extension permission: about:reader*
1580297721959	Marionette	INFO	Listening on port 36495
1580297722039	Marionette	WARN	TLS certificate errors will be ignored for this session
JavaScript error: resource:///actors/OfflineAppsChild.jsm, line 26: TypeError: manifestURI is null
JavaScript warning: https://web.whatsapp.com/app.9d707d8cc13bce7894d2.js, line 2: unreachable code after return statement
JavaScript warning: https://web.whatsapp.com/app.9d707d8cc13bce7894d2.js, line 2: unreachable code after return statement
Exiting due to channel error.
Exiting due to channel error.
Exiting due to channel error.
1580297876931	mozrunner::runner	INFO	Running command: "/usr/bin/firefox" "-marionette" "-foreground" "-no-remote" "-profile" "/tmp/rust_mozprofileLvlEYM"
Error: no DISPLAY environment variable specified
1580297908994	mozrunner::runner	INFO	Running command: "/usr/bin/firefox" "-marionette" "-foreground" "-no-remote" "-profile" "/tmp/rust_mozprofileyDvxBB"
1580297910313	addons.webextension.doh-rollout@mozilla.org	WARN	Loading extension 'doh-rollout@mozilla.org': Reading manifest: Invalid extension permission: networkStatus
1580297910909	addons.webextension.screenshots@mozilla.org	WARN	Loading extension 'screenshots@mozilla.org': Reading manifest: Invalid extension permission: mozillaAddons
1580297910909	addons.webextension.screenshots@mozilla.org	WARN	Loading extension 'screenshots@mozilla.org': Reading manifest: Invalid extension permission: telemetry
1580297910909	addons.webextension.screenshots@mozilla.org	WARN	Loading extension 'screenshots@mozilla.org': Reading manifest: Invalid extension permission: resource://pdf.js/
1580297910909	addons.webextension.screenshots@mozilla.org	WARN	Loading extension 'screenshots@mozilla.org': Reading manifest: Invalid extension permission: about:reader*
1580297913832	Marionette	INFO	Listening on port 34755
1580297913935	Marionette	WARN	TLS certificate errors will be ignored for this session
JavaScript error: resource:///actors/OfflineAppsChild.jsm, line 26: TypeError: manifestURI is null
JavaScript warning: https://web.whatsapp.com/app.9d707d8cc13bce7894d2.js, line 2: unreachable code after return statement
JavaScript warning: https://web.whatsapp.com/app.9d707d8cc13bce7894d2.js, line 2: unreachable code after return statement
JavaScript error: resource:///actors/OfflineAppsChild.jsm, line 26: TypeError: manifestURI is null
JavaScript warning: https://web.whatsapp.com/app.9d707d8cc13bce7894d2.js, line 2: unreachable code after return statement
JavaScript warning: https://web.whatsapp.com/app.9d707d8cc13bce7894d2.js, line 2: unreachable code after return statement
Exiting due to channel error.
Exiting due to channel error.
Exiting due to channel error.
1580297989781	mozrunner::runner	INFO	Running command: "/usr/bin/firefox" "-marionette" "-foreground" "-no-remote" "-profile" "/tmp/rust_mozprofileVnVjhC"
1580297993612	addons.webextension.doh-rollout@mozilla.org	WARN	Loading extension 'doh-rollout@mozilla.org': Reading manifest: Invalid extension permission: networkStatus
1580297994997	addons.webextension.screenshots@mozilla.org	WARN	Loading extension 'screenshots@mozilla.org': Reading manifest: Invalid extension permission: mozillaAddons
1580297994997	addons.webextension.screenshots@mozilla.org	WARN	Loading extension 'screenshots@mozilla.org': Reading manifest: Invalid extension permission: telemetry
1580297994997	addons.webextension.screenshots@mozilla.org	WARN	Loading extension 'screenshots@mozilla.org': Reading manifest: Invalid extension permission: resource://pdf.js/
1580297994997	addons.webextension.screenshots@mozilla.org	WARN	Loading extension 'screenshots@mozilla.org': Reading manifest: Invalid extension permission: about:reader*
1580298000613	Marionette	INFO	Listening on port 33229
1580298000688	Marionette	WARN	TLS certificate errors will be ignored for this session
JavaScript error: resource:///actors/OfflineAppsChild.jsm, line 26: TypeError: manifestURI is null
JavaScript warning: https://web.whatsapp.com/app.9d707d8cc13bce7894d2.js, line 2: unreachable code after return statement
JavaScript warning: https://web.whatsapp.com/app.9d707d8cc13bce7894d2.js, line 2: unreachable code after return statement
JavaScript error: resource:///actors/OfflineAppsChild.jsm, line 26: TypeError: manifestURI is null
JavaScript warning: https://web.whatsapp.com/app.9d707d8cc13bce7894d2.js, line 2: unreachable code after return statement
JavaScript warning: https://web.whatsapp.com/app.9d707d8cc13bce7894d2.js, line 2: unreachable code after return statement
1580298106946	Marionette	INFO	Stopped listening on port 33229
1580298192540	mozrunner::runner	INFO	Running command: "/usr/bin/firefox" "-marionette" "-foreground" "-no-remote" "-profile" "/tmp/rust_mozprofileS5rp0O"
1580298197719	addons.webextension.doh-rollout@mozilla.org	WARN	Loading extension 'doh-rollout@mozilla.org': Reading manifest: Invalid extension permission: networkStatus
1580298198877	addons.webextension.screenshots@mozilla.org	WARN	Loading extension 'screenshots@mozilla.org': Reading manifest: Invalid extension permission: mozillaAddons
1580298198877	addons.webextension.screenshots@mozilla.org	WARN	Loading extension 'screenshots@mozilla.org': Reading manifest: Invalid extension permission: telemetry
1580298198878	addons.webextension.screenshots@mozilla.org	WARN	Loading extension 'screenshots@mozilla.org': Reading manifest: Invalid extension permission: resource://pdf.js/
1580298198878	addons.webextension.screenshots@mozilla.org	WARN	Loading extension 'screenshots@mozilla.org': Reading manifest: Invalid extension permission: about:reader*
1580298203653	Marionette	INFO	Listening on port 34157
1580298203660	Marionette	WARN	TLS certificate errors will be ignored for this session
JavaScript error: resource:///actors/OfflineAppsChild.jsm, line 26: TypeError: manifestURI is null
JavaScript warning: https://web.whatsapp.com/app.9d707d8cc13bce7894d2.js, line 2: unreachable code after return statement
JavaScript warning: https://web.whatsapp.com/app.9d707d8cc13bce7894d2.js, line 2: unreachable code after return statement
JavaScript warning: https://web.whatsapp.com/app.9d707d8cc13bce7894d2.js, line 2: unreachable code after return statement
JavaScript error: resource://devtools/server/actors/network-monitor/network-response-listener.js, line 84: NS_ERROR_FAILURE: Component returned failure code: 0x80004005 (NS_ERROR_FAILURE) [nsIInterfaceRequestor.getInterface]
1582786149798	mozrunner::runner	INFO	Running command: "/usr/bin/firefox" "-marionette" "-headless" "-foreground" "-no-remote" "-profile" "/tmp/rust_mozprofiley7GEr5"
*** You are running in headless mode.
1582786150234	addons.webextension.doh-rollout@mozilla.org	WARN	Loading extension 'doh-rollout@mozilla.org': Reading manifest: Invalid extension permission: networkStatus
1582786151281	addons.webextension.screenshots@mozilla.org	WARN	Loading extension 'screenshots@mozilla.org': Reading manifest: Invalid extension permission: mozillaAddons
1582786151281	addons.webextension.screenshots@mozilla.org	WARN	Loading extension 'screenshots@mozilla.org': Reading manifest: Invalid extension permission: telemetry
1582786151281	addons.webextension.screenshots@mozilla.org	WARN	Loading extension 'screenshots@mozilla.org': Reading manifest: Invalid extension permission: resource://pdf.js/
1582786151281	addons.webextension.screenshots@mozilla.org	WARN	Loading extension 'screenshots@mozilla.org': Reading manifest: Invalid extension permission: about:reader*
[2020-02-27T06:49:12Z ERROR audio_thread_priority::rt_linux] setrlimit64: 1
1582786152842	Marionette	INFO	Listening on port 42393
1582786152920	Marionette	WARN	TLS certificate errors will be ignored for this session
1582786237157	mozrunner::runner	INFO	Running command: "/usr/bin/firefox" "-marionette" "-headless" "-foreground" "-no-remote" "-profile" "/tmp/rust_mozprofile4BGQdT"
*** You are running in headless mode.
1582786237582	addons.webextension.doh-rollout@mozilla.org	WARN	Loading extension 'doh-rollout@mozilla.org': Reading manifest: Invalid extension permission: networkStatus
1582786238673	addons.webextension.screenshots@mozilla.org	WARN	Loading extension 'screenshots@mozilla.org': Reading manifest: Invalid extension permission: mozillaAddons
1582786238673	addons.webextension.screenshots@mozilla.org	WARN	Loading extension 'screenshots@mozilla.org': Reading manifest: Invalid extension permission: telemetry
1582786238674	addons.webextension.screenshots@mozilla.org	WARN	Loading extension 'screenshots@mozilla.org': Reading manifest: Invalid extension permission: resource://pdf.js/
1582786238674	addons.webextension.screenshots@mozilla.org	WARN	Loading extension 'screenshots@mozilla.org': Reading manifest: Invalid extension permission: about:reader*
[2020-02-27T06:50:39Z ERROR audio_thread_priority::rt_linux] setrlimit64: 1
1582786240188	Marionette	INFO	Listening on port 35849
1582786240270	Marionette	WARN	TLS certificate errors will be ignored for this session
1582795983882	mozrunner::runner	INFO	Running command: "/usr/bin/firefox" "-marionette" "-headless" "window-size=1400,600" "-foreground" "-no-remote" "-profile" "/tmp/rust_mozprofileBjabZ1"
*** You are running in headless mode.
1582795985465	addons.webextension.doh-rollout@mozilla.org	WARN	Loading extension 'doh-rollout@mozilla.org': Reading manifest: Invalid extension permission: networkStatus
1582795986648	addons.webextension.screenshots@mozilla.org	WARN	Loading extension 'screenshots@mozilla.org': Reading manifest: Invalid extension permission: mozillaAddons
1582795986648	addons.webextension.screenshots@mozilla.org	WARN	Loading extension 'screenshots@mozilla.org': Reading manifest: Invalid extension permission: telemetry
1582795986648	addons.webextension.screenshots@mozilla.org	WARN	Loading extension 'screenshots@mozilla.org': Reading manifest: Invalid extension permission: resource://pdf.js/
1582795986648	addons.webextension.screenshots@mozilla.org	WARN	Loading extension 'screenshots@mozilla.org': Reading manifest: Invalid extension permission: about:reader*
[2020-02-27T09:33:08Z ERROR audio_thread_priority::rt_linux] setrlimit64: 1
JavaScript error: resource://gre/modules/XULStore.jsm, line 66: Error: Can't find profile directory.
1582795990189	Marionette	INFO	Listening on port 40215
1582795990203	Marionette	WARN	TLS certificate errors will be ignored for this session
1582796015502	mozrunner::runner	INFO	Running command: "/usr/bin/firefox" "-marionette" "-headless" "-foreground" "-no-remote" "-profile" "/tmp/rust_mozprofile67S8gp"
*** You are running in headless mode.
1582796016392	addons.webextension.doh-rollout@mozilla.org	WARN	Loading extension 'doh-rollout@mozilla.org': Reading manifest: Invalid extension permission: networkStatus
1582796017918	addons.webextension.screenshots@mozilla.org	WARN	Loading extension 'screenshots@mozilla.org': Reading manifest: Invalid extension permission: mozillaAddons
1582796017918	addons.webextension.screenshots@mozilla.org	WARN	Loading extension 'screenshots@mozilla.org': Reading manifest: Invalid extension permission: telemetry
1582796017918	addons.webextension.screenshots@mozilla.org	WARN	Loading extension 'screenshots@mozilla.org': Reading manifest: Invalid extension permission: resource://pdf.js/
1582796017918	addons.webextension.screenshots@mozilla.org	WARN	Loading extension 'screenshots@mozilla.org': Reading manifest: Invalid extension permission: about:reader*
[2020-02-27T09:33:39Z ERROR audio_thread_priority::rt_linux] setrlimit64: 1
1582796019774	Marionette	INFO	Listening on port 36203
1582796019812	Marionette	WARN	TLS certificate errors will be ignored for this session
1582796048927	mozrunner::runner	INFO	Running command: "/usr/bin/firefox" "-marionette" "-headless" "window-size=1400,600" "-foreground" "-no-remote" "-profile" "/tmp/rust_mozprofilextvLx0"
*** You are running in headless mode.
1582796051250	addons.webextension.doh-rollout@mozilla.org	WARN	Loading extension 'doh-rollout@mozilla.org': Reading manifest: Invalid extension permission: networkStatus
1582796052320	addons.webextension.screenshots@mozilla.org	WARN	Loading extension 'screenshots@mozilla.org': Reading manifest: Invalid extension permission: mozillaAddons
1582796052320	addons.webextension.screenshots@mozilla.org	WARN	Loading extension 'screenshots@mozilla.org': Reading manifest: Invalid extension permission: telemetry
1582796052320	addons.webextension.screenshots@mozilla.org	WARN	Loading extension 'screenshots@mozilla.org': Reading manifest: Invalid extension permission: resource://pdf.js/
1582796052320	addons.webextension.screenshots@mozilla.org	WARN	Loading extension 'screenshots@mozilla.org': Reading manifest: Invalid extension permission: about:reader*
[2020-02-27T09:34:13Z ERROR audio_thread_priority::rt_linux] setrlimit64: 1
JavaScript error: resource://gre/modules/XULStore.jsm, line 66: Error: Can't find profile directory.
1582796057762	Marionette	INFO	Listening on port 34899
1582796057789	Marionette	WARN	TLS certificate errors will be ignored for this session
1582797102862	mozrunner::runner	INFO	Running command: "/usr/bin/firefox" "-marionette" "-headless" "window-size=1400,600" "-foreground" "-no-remote" "-profile" "/tmp/rust_mozprofileJqONCj"
*** You are running in headless mode.
1582797106450	addons.webextension.doh-rollout@mozilla.org	WARN	Loading extension 'doh-rollout@mozilla.org': Reading manifest: Invalid extension permission: networkStatus
1582797107748	addons.webextension.screenshots@mozilla.org	WARN	Loading extension 'screenshots@mozilla.org': Reading manifest: Invalid extension permission: mozillaAddons
1582797107748	addons.webextension.screenshots@mozilla.org	WARN	Loading extension 'screenshots@mozilla.org': Reading manifest: Invalid extension permission: telemetry
1582797107748	addons.webextension.screenshots@mozilla.org	WARN	Loading extension 'screenshots@mozilla.org': Reading manifest: Invalid extension permission: resource://pdf.js/
1582797107748	addons.webextension.screenshots@mozilla.org	WARN	Loading extension 'screenshots@mozilla.org': Reading manifest: Invalid extension permission: about:reader*
[2020-02-27T09:51:54Z ERROR audio_thread_priority::rt_linux] setrlimit64: 1
JavaScript error: resource://gre/modules/XULStore.jsm, line 66: Error: Can't find profile directory.
1582797118988	Marionette	INFO	Listening on port 34555
1582797119296	Marionette	WARN	TLS certificate errors will be ignored for this session
1582801571997	mozrunner::runner	INFO	Running command: "/usr/bin/firefox" "-marionette" "-headless" "window-size=1400,600" "-foreground" "-no-remote" "-profile" "/tmp/rust_mozprofileLVI0X4"
*** You are running in headless mode.
1582801576301	addons.webextension.doh-rollout@mozilla.org	WARN	Loading extension 'doh-rollout@mozilla.org': Reading manifest: Invalid extension permission: networkStatus
1582801577528	addons.webextension.screenshots@mozilla.org	WARN	Loading extension 'screenshots@mozilla.org': Reading manifest: Invalid extension permission: mozillaAddons
1582801577528	addons.webextension.screenshots@mozilla.org	WARN	Loading extension 'screenshots@mozilla.org': Reading manifest: Invalid extension permission: telemetry
1582801577528	addons.webextension.screenshots@mozilla.org	WARN	Loading extension 'screenshots@mozilla.org': Reading manifest: Invalid extension permission: resource://pdf.js/
1582801577529	addons.webextension.screenshots@mozilla.org	WARN	Loading extension 'screenshots@mozilla.org': Reading manifest: Invalid extension permission: about:reader*
[2020-02-27T11:06:21Z ERROR audio_thread_priority::rt_linux] setrlimit64: 1
JavaScript error: resource://gre/modules/XULStore.jsm, line 66: Error: Can't find profile directory.
1582801585440	Marionette	INFO	Listening on port 35381
1582801585446	Marionette	WARN	TLS certificate errors will be ignored for this session

###!!! [Parent][MessageChannel] Error: (msgtype=0xAA0001,name=PVsync::Msg_Notify) Channel error: cannot send/recv


###!!! [Parent][MessageChannel] Error: (msgtype=0xAA0001,name=PVsync::Msg_Notify) Channel error: cannot send/recv

Exiting due to channel error.
Exiting due to channel error.
1582801983434	mozrunner::runner	INFO	Running command: "/usr/bin/firefox" "-marionette" "-headless" "window-size=1400,600" "-foreground" "-no-remote" "-profile" "/tmp/rust_mozprofiler3WIYY"
1582802021189	mozrunner::runner	INFO	Running command: "/usr/bin/firefox" "-marionette" "-headless" "window-size=1400,600" "-foreground" "-no-remote" "-profile" "/tmp/rust_mozprofileULft9j"
*** You are running in headless mode.
1582802024883	addons.webextension.doh-rollout@mozilla.org	WARN	Loading extension 'doh-rollout@mozilla.org': Reading manifest: Invalid extension permission: networkStatus
1582802026057	addons.webextension.screenshots@mozilla.org	WARN	Loading extension 'screenshots@mozilla.org': Reading manifest: Invalid extension permission: mozillaAddons
1582802026057	addons.webextension.screenshots@mozilla.org	WARN	Loading extension 'screenshots@mozilla.org': Reading manifest: Invalid extension permission: telemetry
1582802026057	addons.webextension.screenshots@mozilla.org	WARN	Loading extension 'screenshots@mozilla.org': Reading manifest: Invalid extension permission: resource://pdf.js/
1582802026057	addons.webextension.screenshots@mozilla.org	WARN	Loading extension 'screenshots@mozilla.org': Reading manifest: Invalid extension permission: about:reader*
[2020-02-27T11:13:50Z ERROR audio_thread_priority::rt_linux] setrlimit64: 1
JavaScript error: resource://gre/modules/XULStore.jsm, line 66: Error: Can't find profile directory.
1582802035921	Marionette	INFO	Listening on port 36449
1582802035934	Marionette	WARN	TLS certificate errors will be ignored for this session
1582871582019	mozrunner::runner	INFO	Running command: "/usr/bin/firefox" "-marionette" "-headless" "window-size=1400,600" "-foreground" "-no-remote" "-profile" "/tmp/rust_mozprofilelj4zXq"
*** You are running in headless mode.
1582871587071	addons.webextension.doh-rollout@mozilla.org	WARN	Loading extension 'doh-rollout@mozilla.org': Reading manifest: Invalid extension permission: networkStatus
1582871588737	addons.webextension.screenshots@mozilla.org	WARN	Loading extension 'screenshots@mozilla.org': Reading manifest: Invalid extension permission: mozillaAddons
1582871588737	addons.webextension.screenshots@mozilla.org	WARN	Loading extension 'screenshots@mozilla.org': Reading manifest: Invalid extension permission: telemetry
1582871588738	addons.webextension.screenshots@mozilla.org	WARN	Loading extension 'screenshots@mozilla.org': Reading manifest: Invalid extension permission: resource://pdf.js/
1582871588738	addons.webextension.screenshots@mozilla.org	WARN	Loading extension 'screenshots@mozilla.org': Reading manifest: Invalid extension permission: about:reader*
[2020-02-28T06:33:19Z ERROR audio_thread_priority::rt_linux] setrlimit64: 1
JavaScript error: resource://gre/modules/XULStore.jsm, line 66: Error: Can't find profile directory.
1582871606247	Marionette	INFO	Listening on port 40171
1582871607030	Marionette	WARN	TLS certificate errors will be ignored for this session
1582872747750	mozrunner::runner	INFO	Running command: "/usr/bin/firefox" "-marionette" "-headless" "window-size=1400,600" "-foreground" "-no-remote" "-profile" "/tmp/rust_mozprofilevsd3Yv"
*** You are running in headless mode.
1582872752362	addons.webextension.doh-rollout@mozilla.org	WARN	Loading extension 'doh-rollout@mozilla.org': Reading manifest: Invalid extension permission: networkStatus
1582872754604	addons.webextension.screenshots@mozilla.org	WARN	Loading extension 'screenshots@mozilla.org': Reading manifest: Invalid extension permission: mozillaAddons
1582872754604	addons.webextension.screenshots@mozilla.org	WARN	Loading extension 'screenshots@mozilla.org': Reading manifest: Invalid extension permission: telemetry
1582872754604	addons.webextension.screenshots@mozilla.org	WARN	Loading extension 'screenshots@mozilla.org': Reading manifest: Invalid extension permission: resource://pdf.js/
1582872754604	addons.webextension.screenshots@mozilla.org	WARN	Loading extension 'screenshots@mozilla.org': Reading manifest: Invalid extension permission: about:reader*
[2020-02-28T06:52:39Z ERROR audio_thread_priority::rt_linux] setrlimit64: 1
1582872773778	Marionette	INFO	Listening on port 45831
JavaScript error: resource://gre/modules/XULStore.jsm, line 66: Error: Can't find profile directory.
1582872782303	Marionette	WARN	TLS certificate errors will be ignored for this session
JavaScript error: , line 0: uncaught exception: Object
1582873041698	mozrunner::runner	INFO	Running command: "/usr/bin/firefox" "-marionette" "-headless" "window-size=400,600" "-foreground" "-no-remote" "-profile" "/tmp/rust_mozprofileNSyfW0"
*** You are running in headless mode.
1582873051253	addons.webextension.doh-rollout@mozilla.org	WARN	Loading extension 'doh-rollout@mozilla.org': Reading manifest: Invalid extension permission: networkStatus
1582873052478	addons.webextension.screenshots@mozilla.org	WARN	Loading extension 'screenshots@mozilla.org': Reading manifest: Invalid extension permission: mozillaAddons
1582873052478	addons.webextension.screenshots@mozilla.org	WARN	Loading extension 'screenshots@mozilla.org': Reading manifest: Invalid extension permission: telemetry
1582873052478	addons.webextension.screenshots@mozilla.org	WARN	Loading extension 'screenshots@mozilla.org': Reading manifest: Invalid extension permission: resource://pdf.js/
1582873052478	addons.webextension.screenshots@mozilla.org	WARN	Loading extension 'screenshots@mozilla.org': Reading manifest: Invalid extension permission: about:reader*
[2020-02-28T06:57:36Z ERROR audio_thread_priority::rt_linux] setrlimit64: 1
JavaScript error: resource://gre/modules/XULStore.jsm, line 66: Error: Can't find profile directory.
1582873063925	Marionette	INFO	Listening on port 39765
1582873064067	Marionette	WARN	TLS certificate errors will be ignored for this session
1582873202406	mozrunner::runner	INFO	Running command: "/usr/bin/firefox" "-marionette" "-headless" "window-size=400,600" "-foreground" "-no-remote" "-profile" "/tmp/rust_mozprofile3UV93h"
*** You are running in headless mode.
1582873204037	addons.webextension.doh-rollout@mozilla.org	WARN	Loading extension 'doh-rollout@mozilla.org': Reading manifest: Invalid extension permission: networkStatus
1582873205304	addons.webextension.screenshots@mozilla.org	WARN	Loading extension 'screenshots@mozilla.org': Reading manifest: Invalid extension permission: mozillaAddons
1582873205340	addons.webextension.screenshots@mozilla.org	WARN	Loading extension 'screenshots@mozilla.org': Reading manifest: Invalid extension permission: telemetry
1582873205340	addons.webextension.screenshots@mozilla.org	WARN	Loading extension 'screenshots@mozilla.org': Reading manifest: Invalid extension permission: resource://pdf.js/
1582873205341	addons.webextension.screenshots@mozilla.org	WARN	Loading extension 'screenshots@mozilla.org': Reading manifest: Invalid extension permission: about:reader*
[2020-02-28T07:00:07Z ERROR audio_thread_priority::rt_linux] setrlimit64: 1
1582873210827	Marionette	INFO	Listening on port 39567
1582873211144	Marionette	WARN	TLS certificate errors will be ignored for this session
JavaScript error: resource://gre/modules/XULStore.jsm, line 66: Error: Can't find profile directory.
1582873583403	mozrunner::runner	INFO	Running command: "/usr/bin/firefox" "-marionette" "-headless" "window-size=400,600" "-foreground" "-no-remote" "-profile" "/tmp/rust_mozprofilexDS1zz"
*** You are running in headless mode.
1582873586211	addons.webextension.doh-rollout@mozilla.org	WARN	Loading extension 'doh-rollout@mozilla.org': Reading manifest: Invalid extension permission: networkStatus
1582873587485	addons.webextension.screenshots@mozilla.org	WARN	Loading extension 'screenshots@mozilla.org': Reading manifest: Invalid extension permission: mozillaAddons
1582873587485	addons.webextension.screenshots@mozilla.org	WARN	Loading extension 'screenshots@mozilla.org': Reading manifest: Invalid extension permission: telemetry
1582873587485	addons.webextension.screenshots@mozilla.org	WARN	Loading extension 'screenshots@mozilla.org': Reading manifest: Invalid extension permission: resource://pdf.js/
1582873587485	addons.webextension.screenshots@mozilla.org	WARN	Loading extension 'screenshots@mozilla.org': Reading manifest: Invalid extension permission: about:reader*
[2020-02-28T07:06:30Z ERROR audio_thread_priority::rt_linux] setrlimit64: 1
JavaScript error: resource://gre/modules/XULStore.jsm, line 66: Error: Can't find profile directory.
1582873593772	Marionette	INFO	Listening on port 40107
1582873593888	Marionette	WARN	TLS certificate errors will be ignored for this session
JavaScript error: resource://gre/modules/XULStore.jsm, line 66: Error: Can't find profile directory.
